<?xml version="1.0" encoding="UTF-8"?>
<coverage generated="1621486794065" clover="3.2.0">
  <project timestamp="1621486794066" name="All files">
    <metrics statements="21" coveredstatements="20" conditionals="7" coveredconditionals="5" methods="5" coveredmethods="5" elements="33" coveredelements="30" complexity="0" loc="21" ncloc="21" packages="1" files="2" classes="2"/>
    <file name="player.js" path="/Users/Patrick/Desktop/Module 10 (5.17-5.23.21)/jest-another-RPG/lib/player.js">
      <metrics statements="15" coveredstatements="15" conditionals="3" coveredconditionals="2" methods="4" coveredmethods="4"/>
      <line num="1" count="1" type="stmt"/>
      <line num="4" count="4" type="stmt"/>
      <line num="6" count="4" type="stmt"/>
      <line num="7" count="4" type="stmt"/>
      <line num="8" count="4" type="stmt"/>
      <line num="10" count="4" type="stmt"/>
      <line num="13" count="1" type="stmt"/>
      <line num="14" count="4" type="stmt"/>
      <line num="22" count="1" type="stmt"/>
      <line num="23" count="2" type="cond" truecount="2" falsecount="0"/>
      <line num="24" count="1" type="stmt"/>
      <line num="26" count="1" type="stmt"/>
      <line num="29" count="1" type="stmt"/>
      <line num="30" count="1" type="stmt"/>
      <line num="33" count="1" type="stmt"/>
    </file>
    <file name="potion.js" path="/Users/Patrick/Desktop/Module 10 (5.17-5.23.21)/jest-another-RPG/lib/potion.js">
      <metrics statements="6" coveredstatements="5" conditionals="4" coveredconditionals="3" methods="1" coveredmethods="1"/>
      <line num="2" count="2" type="stmt"/>
      <line num="3" count="2" type="cond" truecount="2" falsecount="0"/>
      <line num="5" count="2" type="cond" truecount="1" falsecount="1"/>
      <line num="6" count="2" type="stmt"/>
      <line num="8" count="0" type="stmt"/>
      <line num="12" count="1" type="stmt"/>
    </file>
  </project>
</coverage>
