{"/Users/Patrick/Desktop/Module 10 (5.17-5.23.21)/jest-another-RPG/lib/player.js": {"path":"/Users/Patrick/Desktop/Module 10 (5.17-5.23.21)/jest-another-RPG/lib/player.js","statementMap":{"0":{"start":{"line":1,"column":15},"end":{"line":1,"column":39}},"1":{"start":{"line":4,"column":2},"end":{"line":4,"column":19}},"2":{"start":{"line":6,"column":2},"end":{"line":6,"column":52}},"3":{"start":{"line":7,"column":2},"end":{"line":7,"column":52}},"4":{"start":{"line":8,"column":2},"end":{"line":8,"column":51}},"5":{"start":{"line":10,"column":2},"end":{"line":10,"column":56}},"6":{"start":{"line":13,"column":0},"end":{"line":20,"column":2}},"7":{"start":{"line":14,"column":2},"end":{"line":19,"column":4}},"8":{"start":{"line":22,"column":0},"end":{"line":27,"column":2}},"9":{"start":{"line":23,"column":2},"end":{"line":25,"column":3}},"10":{"start":{"line":24,"column":4},"end":{"line":24,"column":26}},"11":{"start":{"line":26,"column":2},"end":{"line":26,"column":15}},"12":{"start":{"line":29,"column":0},"end":{"line":31,"column":2}},"13":{"start":{"line":30,"column":2},"end":{"line":30,"column":56}},"14":{"start":{"line":33,"column":0},"end":{"line":33,"column":24}}},"fnMap":{"0":{"name":"Player","decl":{"start":{"line":3,"column":9},"end":{"line":3,"column":15}},"loc":{"start":{"line":3,"column":27},"end":{"line":11,"column":1}},"line":3},"1":{"name":"(anonymous_1)","decl":{"start":{"line":13,"column":28},"end":{"line":13,"column":29}},"loc":{"start":{"line":13,"column":39},"end":{"line":20,"column":1}},"line":13},"2":{"name":"(anonymous_2)","decl":{"start":{"line":22,"column":32},"end":{"line":22,"column":33}},"loc":{"start":{"line":22,"column":43},"end":{"line":27,"column":1}},"line":22},"3":{"name":"(anonymous_3)","decl":{"start":{"line":29,"column":29},"end":{"line":29,"column":30}},"loc":{"start":{"line":29,"column":40},"end":{"line":31,"column":1}},"line":29}},"branchMap":{"0":{"loc":{"start":{"line":3,"column":16},"end":{"line":3,"column":25}},"type":"default-arg","locations":[{"start":{"line":3,"column":23},"end":{"line":3,"column":25}}],"line":3},"1":{"loc":{"start":{"line":23,"column":2},"end":{"line":25,"column":3}},"type":"if","locations":[{"start":{"line":23,"column":2},"end":{"line":25,"column":3}},{"start":{"line":23,"column":2},"end":{"line":25,"column":3}}],"line":23}},"s":{"0":1,"1":4,"2":4,"3":4,"4":4,"5":4,"6":1,"7":4,"8":1,"9":2,"10":1,"11":1,"12":1,"13":1,"14":1},"f":{"0":4,"1":4,"2":2,"3":1},"b":{"0":[0],"1":[1,1]},"_coverageSchema":"1a1c01bbd47fc00a2c39e90264f33305004495a9","hash":"c175088c1bf29274e2c6a02656aa36bb954411cc"}
,"/Users/Patrick/Desktop/Module 10 (5.17-5.23.21)/jest-another-RPG/lib/potion.js": {"path":"/Users/Patrick/Desktop/Module 10 (5.17-5.23.21)/jest-another-RPG/lib/potion.js","statementMap":{"0":{"start":{"line":2,"column":4},"end":{"line":2,"column":51}},"1":{"start":{"line":3,"column":4},"end":{"line":3,"column":82}},"2":{"start":{"line":5,"column":4},"end":{"line":9,"column":5}},"3":{"start":{"line":6,"column":6},"end":{"line":6,"column":55}},"4":{"start":{"line":8,"column":6},"end":{"line":8,"column":53}},"5":{"start":{"line":12,"column":2},"end":{"line":12,"column":26}}},"fnMap":{"0":{"name":"Potion","decl":{"start":{"line":1,"column":9},"end":{"line":1,"column":15}},"loc":{"start":{"line":1,"column":22},"end":{"line":10,"column":3}},"line":1}},"branchMap":{"0":{"loc":{"start":{"line":3,"column":16},"end":{"line":3,"column":81}},"type":"binary-expr","locations":[{"start":{"line":3,"column":16},"end":{"line":3,"column":20}},{"start":{"line":3,"column":24},"end":{"line":3,"column":81}}],"line":3},"1":{"loc":{"start":{"line":5,"column":4},"end":{"line":9,"column":5}},"type":"if","locations":[{"start":{"line":5,"column":4},"end":{"line":9,"column":5}},{"start":{"line":5,"column":4},"end":{"line":9,"column":5}}],"line":5}},"s":{"0":2,"1":2,"2":2,"3":2,"4":0,"5":1},"f":{"0":2},"b":{"0":[2,1],"1":[2,0]},"_coverageSchema":"1a1c01bbd47fc00a2c39e90264f33305004495a9","hash":"8d96ab1a09141166d8dc3bf588241899b0518d40"}
}
