TN:
SF:lib/player.js
FN:3,Player
FN:13,(anonymous_1)
FN:22,(anonymous_2)
FN:29,(anonymous_3)
FNF:4
FNH:4
FNDA:4,Player
FNDA:4,(anonymous_1)
FNDA:2,(anonymous_2)
FNDA:1,(anonymous_3)
DA:1,1
DA:4,4
DA:6,4
DA:7,4
DA:8,4
DA:10,4
DA:13,1
DA:14,4
DA:22,1
DA:23,2
DA:24,1
DA:26,1
DA:29,1
DA:30,1
DA:33,1
LF:15
LH:15
BRDA:3,0,0,0
BRDA:23,1,0,1
BRDA:23,1,1,1
BRF:3
BRH:2
end_of_record
TN:
SF:lib/potion.js
FN:1,Potion
FNF:1
FNH:1
FNDA:2,Potion
DA:2,2
DA:3,2
DA:5,2
DA:6,2
DA:8,0
DA:12,1
LF:6
LH:5
BRDA:3,0,0,2
BRDA:3,0,1,1
BRDA:5,1,0,2
BRDA:5,1,1,0
BRF:4
BRH:3
end_of_record
